<?xml version="1.0" encoding="UTF-8"?>
<!-- Generated by org.testng.reporters.JUnitReportReporter -->
<testsuite hostname="DESKTOP-QNHJ5Q7" name="learning_Oct31.LoginTest" tests="1" failures="0" timestamp="31 Oct 2022 07:07:47 GMT" time="3.474" errors="0">
  <testcase name="verifyLogin" time="3.474" classname="learning_Oct31.LoginTest"/>
</testsuite> <!-- learning_Oct31.LoginTest -->
