<?xml version="1.0" encoding="UTF-8"?>
<!-- Generated by org.testng.reporters.JUnitReportReporter -->
<testsuite hostname="DESKTOP-QNHJ5Q7" name="learning_Oct25.FramesExercise" tests="1" failures="0" timestamp="25 Oct 2022 07:23:55 GMT" time="4.213" errors="0">
  <testcase name="frameTest" time="4.213" classname="learning_Oct25.FramesExercise"/>
</testsuite> <!-- learning_Oct25.FramesExercise -->
