<?xml version="1.0" encoding="UTF-8"?>
<!-- Generated by org.testng.reporters.JUnitReportReporter -->
<testsuite hostname="DESKTOP-QNHJ5Q7" name="learning_Oct25.ScreenshotExercise" tests="1" failures="0" timestamp="25 Oct 2022 06:12:50 GMT" time="5.107" errors="0">
  <testcase name="takeScreenshot" time="5.107" classname="learning_Oct25.ScreenshotExercise"/>
</testsuite> <!-- learning_Oct25.ScreenshotExercise -->
