<?xml version="1.0" encoding="UTF-8"?>
<!-- Generated by org.testng.reporters.JUnitReportReporter -->
<testsuite hostname="DESKTOP-QNHJ5Q7" name="learning_Oct26.AmazonExercise" tests="1" failures="0" timestamp="27 Oct 2022 05:51:11 GMT" time="1.830" errors="0">
  <testcase name="perfomClickOperation" time="1.830" classname="learning_Oct26.AmazonExercise"/>
</testsuite> <!-- learning_Oct26.AmazonExercise -->
