<?xml version="1.0" encoding="UTF-8"?>
<!-- Generated by org.testng.reporters.JUnitReportReporter -->
<testsuite hostname="DESKTOP-QNHJ5Q7" name="learning_Oct26.JSFormatExercise" tests="1" failures="0" timestamp="27 Oct 2022 04:34:54 GMT" time="12.195" errors="0">
  <testcase name="perfomClickOperation" time="12.195" classname="learning_Oct26.JSFormatExercise"/>
</testsuite> <!-- learning_Oct26.JSFormatExercise -->
