<?xml version="1.0" encoding="UTF-8"?>
<!-- Generated by org.testng.reporters.JUnitReportReporter -->
<testsuite hostname="DESKTOP-QNHJ5Q7" name="testNGPractive.PriorityExercise" tests="4" failures="0" timestamp="21 Oct 2022 06:31:18 GMT" time="0.000" errors="0">
  <testcase name="logout" time="0.000" classname="testNGPractive.PriorityExercise"/>
  <testcase name="login" time="0.000" classname="testNGPractive.PriorityExercise"/>
  <testcase name="addItem" time="0.000" classname="testNGPractive.PriorityExercise"/>
  <testcase name="payment" time="0.000" classname="testNGPractive.PriorityExercise"/>
</testsuite> <!-- testNGPractive.PriorityExercise -->
