<?xml version="1.0" encoding="UTF-8"?>
<!-- Generated by org.testng.reporters.JUnitReportReporter -->
<testsuite hostname="DESKTOP-QNHJ5Q7" name="learning_Oct26.JSExercise" tests="1" failures="0" timestamp="27 Oct 2022 04:29:41 GMT" time="8.089" errors="0">
  <testcase name="perfomClickOperation" time="8.089" classname="learning_Oct26.JSExercise"/>
</testsuite> <!-- learning_Oct26.JSExercise -->
