<?xml version="1.0" encoding="UTF-8"?>
<!-- Generated by org.testng.reporters.JUnitReportReporter -->
<testsuite hostname="DESKTOP-QNHJ5Q7" name="learning_Oct28.DataProviderExercise" tests="3" failures="0" timestamp="28 Oct 2022 06:15:33 GMT" time="33.265" errors="0">
  <testcase name="verifyLoginWithInValidUserDetails" time="10.872" classname="learning_Oct28.DataProviderExercise"/>
  <testcase name="verifyLoginWithInValidUserDetails" time="10.878" classname="learning_Oct28.DataProviderExercise"/>
  <testcase name="verifyLoginWithInValidUserDetails" time="11.515" classname="learning_Oct28.DataProviderExercise"/>
</testsuite> <!-- learning_Oct28.DataProviderExercise -->
