<?xml version="1.0" encoding="UTF-8"?>
<!-- Generated by org.testng.reporters.JUnitReportReporter -->
<testsuite hostname="DESKTOP-QNHJ5Q7" name="learning_Oct27.CustomerVerifyExcercise" tests="1" failures="0" timestamp="28 Oct 2022 05:33:27 GMT" time="18.584" errors="0">
  <testcase name="LoginVerify" time="18.584" classname="learning_Oct27.CustomerVerifyExcercise"/>
</testsuite> <!-- learning_Oct27.CustomerVerifyExcercise -->
