<?xml version="1.0" encoding="UTF-8"?>
<!-- Generated by org.testng.reporters.JUnitReportReporter -->
<testsuite hostname="DESKTOP-QNHJ5Q7" name="learning_Oct26.RightclickDoubleclickExercise" tests="1" failures="0" timestamp="27 Oct 2022 18:41:58 GMT" time="5.943" errors="0">
  <testcase name="verifyClickoperation" time="5.943" classname="learning_Oct26.RightclickDoubleclickExercise"/>
</testsuite> <!-- learning_Oct26.RightclickDoubleclickExercise -->
