<?xml version="1.0" encoding="UTF-8"?>
<!-- Generated by org.testng.reporters.JUnitReportReporter -->
<testsuite hostname="DESKTOP-QNHJ5Q7" name="learning_Oct26.ImplicitExercise" tests="1" failures="0" timestamp="27 Oct 2022 18:23:41 GMT" time="16.670" errors="0">
  <testcase name="testApp" time="16.670" classname="learning_Oct26.ImplicitExercise"/>
</testsuite> <!-- learning_Oct26.ImplicitExercise -->
