<?xml version="1.0" encoding="UTF-8"?>
<!-- Generated by org.testng.reporters.JUnitReportReporter -->
<testsuite hostname="DESKTOP-QNHJ5Q7" name="learning_Oct27.NOPComLogin" tests="3" failures="0" timestamp="28 Oct 2022 05:49:04 GMT" time="7.774" errors="0">
  <testcase name="verifyLogin" time="6.634" classname="learning_Oct27.NOPComLogin"/>
  <testcase name="verifyAppTitle" time="0.016" classname="learning_Oct27.NOPComLogin"/>
  <testcase name="verifyLogout" time="1.124" classname="learning_Oct27.NOPComLogin"/>
</testsuite> <!-- learning_Oct27.NOPComLogin -->
